<?xml version="1.0" encoding="UTF-8"?>
<!-- Generated by org.testng.reporters.JUnitReportReporter -->
<testsuite hostname="Wibawas-MacBook-Pro.local" name="test.JPTestLogin" tests="1" failures="0" timestamp="13 Mar 2018 07:20:04 GMT" time="20.511" errors="0">
  <testcase name="testLogin" time="20.511" classname="test.JPTestLogin"/>
</testsuite> <!-- test.JPTestLogin -->
