<?xml version="1.0" encoding="UTF-8"?>
<!-- Generated by org.testng.reporters.JUnitReportReporter -->
<testsuite hostname="Wibawas-MacBook-Pro.local" name="test2.CouchdbTest" tests="3" failures="0" timestamp="6 Mar 2018 06:02:52 GMT" time="0.115" errors="0">
  <testcase name="testServiceUpMaster" time="0.101" classname="test2.CouchdbTest"/>
  <testcase name="testServiceUpTarget" time="0.004" classname="test2.CouchdbTest"/>
  <testcase name="checkPort" time="0.010" classname="test2.CouchdbTest"/>
</testsuite> <!-- test2.CouchdbTest -->
