<?xml version="1.0" encoding="UTF-8"?>
<!-- Generated by org.testng.reporters.JUnitReportReporter -->
<testsuite hostname="Wibawas-MacBook-Pro.local" name="test2.PgsqlTest" tests="2" failures="0" timestamp="6 Mar 2018 07:15:26 GMT" time="0.587" errors="0">
  <testcase name="isServiceUp" time="0.576" classname="test2.PgsqlTest"/>
  <testcase name="checkPort" time="0.011" classname="test2.PgsqlTest"/>
</testsuite> <!-- test2.PgsqlTest -->
