<?xml version="1.0" encoding="UTF-8"?>
<!-- Generated by org.testng.reporters.JUnitReportReporter -->
<testsuite hostname="Wibawas-MacBook-Pro.local" name="test3.DBServerTest" tests="4" failures="0" timestamp="6 Mar 2018 03:33:43 GMT" time="0.119" errors="0">
  <testcase name="compactDb" time="0.033" classname="test3.DBServerTest"/>
  <testcase name="dbInfo" time="0.028" classname="test3.DBServerTest"/>
  <testcase name="serverVersion" time="0.012" classname="test3.DBServerTest"/>
  <testcase name="allDBs" time="0.046" classname="test3.DBServerTest"/>
</testsuite> <!-- test3.DBServerTest -->
