<?xml version="1.0" encoding="UTF-8"?>
<!-- Generated by org.testng.reporters.JUnitReportReporter -->
<testsuite hostname="Wibawas-MacBook-Pro.local" name="test2.MemcachedTest" tests="1" failures="0" timestamp="6 Mar 2018 05:01:09 GMT" time="0.161" errors="0">
  <testcase name="testMemcached" time="0.161" classname="test2.MemcachedTest"/>
</testsuite> <!-- test2.MemcachedTest -->
