<?xml version="1.0" encoding="UTF-8"?>
<!-- Generated by org.testng.reporters.JUnitReportReporter -->
<testsuite hostname="Wibawas-MacBook-Pro.local" name="test.JPTest" tests="2" failures="0" timestamp="14 Mar 2018 01:12:22 GMT" time="44.517" errors="0">
  <testcase name="newsTest" time="28.950" classname="test.JPTest"/>
  <testcase name="jobsTest" time="15.567" classname="test.JPTest"/>
</testsuite> <!-- test.JPTest -->
