<?xml version="1.0" encoding="UTF-8"?>
<!-- Generated by org.testng.reporters.JUnitReportReporter -->
<testsuite hostname="Wibawas-MacBook-Pro.local" name="test.JPTest" tests="2" failures="0" timestamp="14 Mar 2018 06:47:53 GMT" time="140.828" errors="0">
  <testcase name="newsTest" time="126.590" classname="test.JPTest"/>
  <testcase name="jobsTest" time="14.238" classname="test.JPTest"/>
</testsuite> <!-- test.JPTest -->
