<?xml version="1.0" encoding="UTF-8"?>
<!-- Generated by org.testng.reporters.JUnitReportReporter -->
<testsuite hostname="Wibawas-MacBook-Pro.local" name="test2.CouchdbTest3" tests="3" failures="0" timestamp="6 Mar 2018 03:40:12 GMT" time="0.541" errors="0">
  <testcase name="createUuids" time="0.529" classname="test2.CouchdbTest3"/>
  <testcase name="testInputNewDoc" time="0.001" classname="test2.CouchdbTest3"/>
  <testcase name="checkPort" time="0.011" classname="test2.CouchdbTest3"/>
</testsuite> <!-- test2.CouchdbTest3 -->
