<?xml version="1.0" encoding="UTF-8"?>
<!-- Generated by org.testng.reporters.JUnitReportReporter -->
<testsuite hostname="Wibawas-MacBook-Pro.local" name="test.JPTest" tests="2" failures="0" timestamp="13 Mar 2018 07:08:53 GMT" time="67.341" errors="0">
  <testcase name="jobsTest" time="16.332" classname="test.JPTest"/>
  <testcase name="newsTest" time="51.009" classname="test.JPTest"/>
</testsuite> <!-- test.JPTest -->
