<?xml version="1.0" encoding="UTF-8"?>
<!-- Generated by org.testng.reporters.JUnitReportReporter -->
<testsuite hostname="Wibawas-MacBook-Pro.local" name="test2.NginxTest" tests="2" failures="0" timestamp="13 Mar 2018 08:08:53 GMT" time="0.145" errors="0">
  <testcase name="checkPage" time="0.127" classname="test2.NginxTest"/>
  <testcase name="checkPort" time="0.018" classname="test2.NginxTest"/>
</testsuite> <!-- test2.NginxTest -->
